<?xml version="1.0" encoding="UTF-8"?>
<robot generator="Robot 6.1 (Python 3.11.3 on win32)" generated="20230619 15:55:55.511" rpa="false" schemaversion="4">
<suite id="s1" name="Automationplayground" source="C:\Users\Tim\Kod\Repos\RobotFrameworkPractice\tests\automationplayground.robot">
<test id="s1-t1" name="Lägg till ny kund" line="14">
<kw name="Påbörjar testfallet" library="Common" type="SETUP">
<kw name="Open Browser" library="SeleniumLibrary">
<arg>about:blank</arg>
<arg>chrome</arg>
<doc>Opens a new browser instance to the optional ``url``.</doc>
<msg timestamp="20230619 15:55:55.657" level="INFO">Opening browser 'chrome' to base url 'about:blank'.</msg>
<status status="PASS" starttime="20230619 15:55:55.657" endtime="20230619 15:55:56.677"/>
</kw>
<status status="PASS" starttime="20230619 15:55:55.656" endtime="20230619 15:55:56.677"/>
</kw>
<kw name="Öppnar webbsidan" library="AutomationplaygroundApp">
<kw name="Öppna Startsida" library="Startsida">
<kw name="Log To Console" library="BuiltIn">
<arg>Påbörjar testfallet..</arg>
<doc>Logs the given message to the console.</doc>
<status status="PASS" starttime="20230619 15:55:56.678" endtime="20230619 15:55:56.678"/>
</kw>
<kw name="Go To" library="SeleniumLibrary">
<arg>https://automationplayground.com/crm/</arg>
<doc>Navigates the current browser window to the provided ``url``.</doc>
<msg timestamp="20230619 15:55:56.678" level="INFO">Opening url 'https://automationplayground.com/crm/'</msg>
<status status="PASS" starttime="20230619 15:55:56.678" endtime="20230619 15:55:57.181"/>
</kw>
<kw name="Maximize Browser Window" library="SeleniumLibrary">
<doc>Maximizes current browser window.</doc>
<status status="PASS" starttime="20230619 15:55:57.181" endtime="20230619 15:55:57.296"/>
</kw>
<status status="PASS" starttime="20230619 15:55:56.678" endtime="20230619 15:55:57.296"/>
</kw>
<kw name="Verifiera Öppnad Startsida" library="Startsida">
<kw name="Wait Until Page Contains" library="SeleniumLibrary">
<arg>Customers Are Priority One!</arg>
<doc>Waits until ``text`` appears on the current page.</doc>
<status status="PASS" starttime="20230619 15:55:57.296" endtime="20230619 15:55:57.303"/>
</kw>
<status status="PASS" starttime="20230619 15:55:57.296" endtime="20230619 15:55:57.303"/>
</kw>
<status status="PASS" starttime="20230619 15:55:56.677" endtime="20230619 15:55:57.303"/>
</kw>
<kw name="Loggar in" library="AutomationplaygroundApp">
<kw name="Logga in" library="Inloggning">
<kw name="Click Link" library="SeleniumLibrary">
<arg>id=SignIn</arg>
<doc>Clicks a link identified by ``locator``.</doc>
<msg timestamp="20230619 15:55:57.304" level="INFO">Clicking link 'id=SignIn'.</msg>
<status status="PASS" starttime="20230619 15:55:57.304" endtime="20230619 15:55:57.597"/>
</kw>
<kw name="Wait Until Page Contains" library="SeleniumLibrary">
<arg>Login</arg>
<doc>Waits until ``text`` appears on the current page.</doc>
<status status="PASS" starttime="20230619 15:55:57.597" endtime="20230619 15:55:57.604"/>
</kw>
<kw name="Input Text" library="SeleniumLibrary">
<arg>id=email-id</arg>
<arg>admin@automationplayground.com</arg>
<doc>Types the given ``text`` into the text field identified by ``locator``.</doc>
<msg timestamp="20230619 15:55:57.605" level="INFO">Typing text 'admin@automationplayground.com' into text field 'id=email-id'.</msg>
<status status="PASS" starttime="20230619 15:55:57.604" endtime="20230619 15:55:57.656"/>
</kw>
<kw name="Input Text" library="SeleniumLibrary">
<arg>id=password</arg>
<arg>qwe</arg>
<doc>Types the given ``text`` into the text field identified by ``locator``.</doc>
<msg timestamp="20230619 15:55:57.657" level="INFO">Typing text 'qwe' into text field 'id=password'.</msg>
<status status="PASS" starttime="20230619 15:55:57.656" endtime="20230619 15:55:57.694"/>
</kw>
<kw name="Click Button" library="SeleniumLibrary">
<arg>id=submit-id</arg>
<doc>Clicks the button identified by ``locator``.</doc>
<msg timestamp="20230619 15:55:57.694" level="INFO">Clicking button 'id=submit-id'.</msg>
<status status="PASS" starttime="20230619 15:55:57.694" endtime="20230619 15:55:57.968"/>
</kw>
<status status="PASS" starttime="20230619 15:55:57.303" endtime="20230619 15:55:57.968"/>
</kw>
<kw name="Verifiera inloggning" library="Inloggning">
<kw name="Wait Until Page Contains" library="SeleniumLibrary">
<arg>Our Happy Customers</arg>
<doc>Waits until ``text`` appears on the current page.</doc>
<status status="PASS" starttime="20230619 15:55:57.968" endtime="20230619 15:55:57.975"/>
</kw>
<status status="PASS" starttime="20230619 15:55:57.968" endtime="20230619 15:55:57.975"/>
</kw>
<status status="PASS" starttime="20230619 15:55:57.303" endtime="20230619 15:55:57.975"/>
</kw>
<kw name="Lägger till ny kund" library="AutomationplaygroundApp">
<kw name="Lägg till ny kund" library="Kunder">
<kw name="Click Link" library="SeleniumLibrary">
<arg>id=new-customer</arg>
<doc>Clicks a link identified by ``locator``.</doc>
<msg timestamp="20230619 15:55:57.976" level="INFO">Clicking link 'id=new-customer'.</msg>
<status status="PASS" starttime="20230619 15:55:57.976" endtime="20230619 15:55:58.276"/>
</kw>
<kw name="Wait Until Page Contains" library="SeleniumLibrary">
<arg>Add Customer</arg>
<doc>Waits until ``text`` appears on the current page.</doc>
<status status="PASS" starttime="20230619 15:55:58.277" endtime="20230619 15:55:58.283"/>
</kw>
<kw name="Input Text" library="SeleniumLibrary">
<arg>id=EmailAddress</arg>
<arg>janedoi@gmail.com</arg>
<doc>Types the given ``text`` into the text field identified by ``locator``.</doc>
<msg timestamp="20230619 15:55:58.283" level="INFO">Typing text 'janedoi@gmail.com' into text field 'id=EmailAddress'.</msg>
<status status="PASS" starttime="20230619 15:55:58.283" endtime="20230619 15:55:58.319"/>
</kw>
<kw name="Input Text" library="SeleniumLibrary">
<arg>id=FirstName</arg>
<arg>Jan</arg>
<doc>Types the given ``text`` into the text field identified by ``locator``.</doc>
<msg timestamp="20230619 15:55:58.320" level="INFO">Typing text 'Jan' into text field 'id=FirstName'.</msg>
<status status="PASS" starttime="20230619 15:55:58.319" endtime="20230619 15:55:58.354"/>
</kw>
<kw name="Input Text" library="SeleniumLibrary">
<arg>id=LastName</arg>
<arg>Felofsson</arg>
<doc>Types the given ``text`` into the text field identified by ``locator``.</doc>
<msg timestamp="20230619 15:55:58.355" level="INFO">Typing text 'Felofsson' into text field 'id=LastName'.</msg>
<status status="PASS" starttime="20230619 15:55:58.354" endtime="20230619 15:55:58.391"/>
</kw>
<kw name="Input Text" library="SeleniumLibrary">
<arg>id=City</arg>
<arg>Malmo</arg>
<doc>Types the given ``text`` into the text field identified by ``locator``.</doc>
<msg timestamp="20230619 15:55:58.392" level="INFO">Typing text 'Malmo' into text field 'id=City'.</msg>
<status status="PASS" starttime="20230619 15:55:58.391" endtime="20230619 15:55:58.427"/>
</kw>
<kw name="Select From List By Value" library="SeleniumLibrary">
<arg>id=StateOrRegion</arg>
<arg>WY</arg>
<doc>Selects options from selection list ``locator`` by ``values``.</doc>
<msg timestamp="20230619 15:55:58.427" level="INFO">Selecting options from selection list 'id=StateOrRegion' by value WY.</msg>
<status status="PASS" starttime="20230619 15:55:58.427" endtime="20230619 15:55:58.463"/>
</kw>
<kw name="Select Radio Button" library="SeleniumLibrary">
<arg>gender</arg>
<arg>male</arg>
<doc>Sets the radio button group ``group_name`` to ``value``.</doc>
<msg timestamp="20230619 15:55:58.463" level="INFO">Selecting 'male' from radio button 'gender'.</msg>
<status status="PASS" starttime="20230619 15:55:58.463" endtime="20230619 15:55:58.488"/>
</kw>
<kw name="Select Checkbox" library="SeleniumLibrary">
<arg>name=promos-name</arg>
<doc>Selects the checkbox identified by ``locator``.</doc>
<msg timestamp="20230619 15:55:58.488" level="INFO">Selecting checkbox 'name=promos-name'.</msg>
<status status="PASS" starttime="20230619 15:55:58.488" endtime="20230619 15:55:58.519"/>
</kw>
<kw name="Click Button" library="SeleniumLibrary">
<arg>xpath=//*[@id="loginform"]/div/div/div/div/form/button</arg>
<doc>Clicks the button identified by ``locator``.</doc>
<msg timestamp="20230619 15:55:58.520" level="INFO">Clicking button 'xpath=//*[@id="loginform"]/div/div/div/div/form/button'.</msg>
<status status="PASS" starttime="20230619 15:55:58.519" endtime="20230619 15:55:58.697"/>
</kw>
<status status="PASS" starttime="20230619 15:55:57.976" endtime="20230619 15:55:58.697"/>
</kw>
<kw name="Verifiera tillagd kund" library="Kunder">
<kw name="Wait Until Page Contains" library="SeleniumLibrary">
<arg>Success! New customer added.</arg>
<doc>Waits until ``text`` appears on the current page.</doc>
<status status="PASS" starttime="20230619 15:55:58.697" endtime="20230619 15:55:58.703"/>
</kw>
<status status="PASS" starttime="20230619 15:55:58.697" endtime="20230619 15:55:58.703"/>
</kw>
<status status="PASS" starttime="20230619 15:55:57.976" endtime="20230619 15:55:58.703"/>
</kw>
<kw name="Avslutar testfallet" library="Common" type="TEARDOWN">
<kw name="Sleep" library="BuiltIn">
<arg>2s</arg>
<doc>Pauses the test executed for the given time.</doc>
<msg timestamp="20230619 15:56:00.705" level="INFO">Slept 2 seconds</msg>
<status status="PASS" starttime="20230619 15:55:58.704" endtime="20230619 15:56:00.705"/>
</kw>
<kw name="Close Browser" library="SeleniumLibrary">
<doc>Closes the current browser.</doc>
<status status="PASS" starttime="20230619 15:56:00.705" endtime="20230619 15:56:02.774"/>
</kw>
<status status="PASS" starttime="20230619 15:55:58.704" endtime="20230619 15:56:02.774"/>
</kw>
<status status="PASS" starttime="20230619 15:55:55.656" endtime="20230619 15:56:02.774"/>
</test>
<doc>Detta är information om hela test-suiten</doc>
<status status="PASS" starttime="20230619 15:55:55.512" endtime="20230619 15:56:02.775"/>
</suite>
<statistics>
<total>
<stat pass="1" fail="0" skip="0">All Tests</stat>
</total>
<tag>
</tag>
<suite>
<stat pass="1" fail="0" skip="0" id="s1" name="Automationplayground">Automationplayground</stat>
</suite>
</statistics>
<errors>
</errors>
</robot>
