<?xml version="1.0" encoding="UTF-8"?>
<robot generator="Robot 6.1 (Python 3.11.3 on win32)" generated="20230619 12:10:27.877" rpa="false" schemaversion="4">
<suite id="s1" name="Automationplayground" source="C:\Users\Tim\Kod\Repos\RobotFrameworkPractice\tests\automationplayground.robot">
<test id="s1-t1" name="Lägg till ny kund" line="11">
<kw name="Påbörjar testfallet" library="Common">
<kw name="Open Browser" library="SeleniumLibrary">
<arg>about:blank</arg>
<arg>chrome</arg>
<doc>Opens a new browser instance to the optional ``url``.</doc>
<msg timestamp="20230619 12:10:28.009" level="INFO">Opening browser 'chrome' to base url 'about:blank'.</msg>
<status status="PASS" starttime="20230619 12:10:28.009" endtime="20230619 12:10:29.016"/>
</kw>
<status status="PASS" starttime="20230619 12:10:28.009" endtime="20230619 12:10:29.016"/>
</kw>
<kw name="Öppnar webbsidan" library="Automationplayground">
<kw name="Log To Console" library="BuiltIn">
<arg>Påbörjar testfallet..</arg>
<doc>Logs the given message to the console.</doc>
<status status="PASS" starttime="20230619 12:10:29.016" endtime="20230619 12:10:29.017"/>
</kw>
<kw name="Go To" library="SeleniumLibrary">
<arg>https://automationplayground.com/crm/</arg>
<doc>Navigates the current browser window to the provided ``url``.</doc>
<msg timestamp="20230619 12:10:29.017" level="INFO">Opening url 'https://automationplayground.com/crm/'</msg>
<status status="PASS" starttime="20230619 12:10:29.017" endtime="20230619 12:10:29.517"/>
</kw>
<kw name="Maximize Browser Window" library="SeleniumLibrary">
<doc>Maximizes current browser window.</doc>
<status status="PASS" starttime="20230619 12:10:29.517" endtime="20230619 12:10:29.629"/>
</kw>
<kw name="Wait Until Page Contains" library="SeleniumLibrary">
<arg>Customers Are Priority One!</arg>
<doc>Waits until ``text`` appears on the current page.</doc>
<status status="PASS" starttime="20230619 12:10:29.629" endtime="20230619 12:10:29.636"/>
</kw>
<kw name="Log To Console" library="BuiltIn">
<arg>Öppnade hemsidan</arg>
<doc>Logs the given message to the console.</doc>
<status status="PASS" starttime="20230619 12:10:29.636" endtime="20230619 12:10:29.636"/>
</kw>
<status status="PASS" starttime="20230619 12:10:29.016" endtime="20230619 12:10:29.636"/>
</kw>
<kw name="Loggar in" library="Automationplayground">
<kw name="Click Link" library="SeleniumLibrary">
<arg>id=SignIn</arg>
<doc>Clicks a link identified by ``locator``.</doc>
<msg timestamp="20230619 12:10:29.637" level="INFO">Clicking link 'id=SignIn'.</msg>
<status status="PASS" starttime="20230619 12:10:29.636" endtime="20230619 12:10:29.926"/>
</kw>
<kw name="Wait Until Page Contains" library="SeleniumLibrary">
<arg>Login</arg>
<doc>Waits until ``text`` appears on the current page.</doc>
<status status="PASS" starttime="20230619 12:10:29.926" endtime="20230619 12:10:29.933"/>
</kw>
<kw name="Input Text" library="SeleniumLibrary">
<arg>id=email-id</arg>
<arg>admin@automationplayground.com</arg>
<doc>Types the given ``text`` into the text field identified by ``locator``.</doc>
<msg timestamp="20230619 12:10:29.933" level="INFO">Typing text 'admin@automationplayground.com' into text field 'id=email-id'.</msg>
<status status="PASS" starttime="20230619 12:10:29.933" endtime="20230619 12:10:29.983"/>
</kw>
<kw name="Input Text" library="SeleniumLibrary">
<arg>id=password</arg>
<arg>qwe</arg>
<doc>Types the given ``text`` into the text field identified by ``locator``.</doc>
<msg timestamp="20230619 12:10:29.983" level="INFO">Typing text 'qwe' into text field 'id=password'.</msg>
<status status="PASS" starttime="20230619 12:10:29.983" endtime="20230619 12:10:30.019"/>
</kw>
<kw name="Click Button" library="SeleniumLibrary">
<arg>id=submit-id</arg>
<doc>Clicks the button identified by ``locator``.</doc>
<msg timestamp="20230619 12:10:30.019" level="INFO">Clicking button 'id=submit-id'.</msg>
<status status="PASS" starttime="20230619 12:10:30.019" endtime="20230619 12:10:30.287"/>
</kw>
<kw name="Wait Until Page Contains" library="SeleniumLibrary">
<arg>Our Happy Customers</arg>
<doc>Waits until ``text`` appears on the current page.</doc>
<status status="PASS" starttime="20230619 12:10:30.287" endtime="20230619 12:10:30.293"/>
</kw>
<kw name="Click Link" library="SeleniumLibrary">
<arg>id=new-customer</arg>
<doc>Clicks a link identified by ``locator``.</doc>
<msg timestamp="20230619 12:10:30.294" level="INFO">Clicking link 'id=new-customer'.</msg>
<status status="PASS" starttime="20230619 12:10:30.293" endtime="20230619 12:10:30.588"/>
</kw>
<kw name="Wait Until Page Contains" library="SeleniumLibrary">
<arg>Add Customer</arg>
<doc>Waits until ``text`` appears on the current page.</doc>
<status status="PASS" starttime="20230619 12:10:30.588" endtime="20230619 12:10:30.595"/>
</kw>
<status status="PASS" starttime="20230619 12:10:29.636" endtime="20230619 12:10:30.595"/>
</kw>
<kw name="Lägger till ny kund" library="Automationplayground">
<kw name="Input Text" library="SeleniumLibrary">
<arg>id=EmailAddress</arg>
<arg>janedoi@gmail.com</arg>
<doc>Types the given ``text`` into the text field identified by ``locator``.</doc>
<msg timestamp="20230619 12:10:30.595" level="INFO">Typing text 'janedoi@gmail.com' into text field 'id=EmailAddress'.</msg>
<status status="PASS" starttime="20230619 12:10:30.595" endtime="20230619 12:10:30.631"/>
</kw>
<kw name="Input Text" library="SeleniumLibrary">
<arg>id=FirstName</arg>
<arg>Jan</arg>
<doc>Types the given ``text`` into the text field identified by ``locator``.</doc>
<msg timestamp="20230619 12:10:30.632" level="INFO">Typing text 'Jan' into text field 'id=FirstName'.</msg>
<status status="PASS" starttime="20230619 12:10:30.632" endtime="20230619 12:10:30.668"/>
</kw>
<kw name="Input Text" library="SeleniumLibrary">
<arg>id=LastName</arg>
<arg>Felofsson</arg>
<doc>Types the given ``text`` into the text field identified by ``locator``.</doc>
<msg timestamp="20230619 12:10:30.668" level="INFO">Typing text 'Felofsson' into text field 'id=LastName'.</msg>
<status status="PASS" starttime="20230619 12:10:30.668" endtime="20230619 12:10:30.705"/>
</kw>
<kw name="Input Text" library="SeleniumLibrary">
<arg>id=City</arg>
<arg>Malmo</arg>
<doc>Types the given ``text`` into the text field identified by ``locator``.</doc>
<msg timestamp="20230619 12:10:30.705" level="INFO">Typing text 'Malmo' into text field 'id=City'.</msg>
<status status="PASS" starttime="20230619 12:10:30.705" endtime="20230619 12:10:30.740"/>
</kw>
<kw name="Select From List By Value" library="SeleniumLibrary">
<arg>id=StateOrRegion</arg>
<arg>WY</arg>
<doc>Selects options from selection list ``locator`` by ``values``.</doc>
<msg timestamp="20230619 12:10:30.741" level="INFO">Selecting options from selection list 'id=StateOrRegion' by value WY.</msg>
<status status="PASS" starttime="20230619 12:10:30.740" endtime="20230619 12:10:30.776"/>
</kw>
<kw name="Select Radio Button" library="SeleniumLibrary">
<arg>gender</arg>
<arg>male</arg>
<doc>Sets the radio button group ``group_name`` to ``value``.</doc>
<msg timestamp="20230619 12:10:30.776" level="INFO">Selecting 'male' from radio button 'gender'.</msg>
<status status="PASS" starttime="20230619 12:10:30.776" endtime="20230619 12:10:30.801"/>
</kw>
<kw name="Select Checkbox" library="SeleniumLibrary">
<arg>name=promos-name</arg>
<doc>Selects the checkbox identified by ``locator``.</doc>
<msg timestamp="20230619 12:10:30.802" level="INFO">Selecting checkbox 'name=promos-name'.</msg>
<status status="PASS" starttime="20230619 12:10:30.801" endtime="20230619 12:10:30.833"/>
</kw>
<kw name="Click Button" library="SeleniumLibrary">
<arg>xpath=//*[@id="loginform"]/div/div/div/div/form/button</arg>
<doc>Clicks the button identified by ``locator``.</doc>
<msg timestamp="20230619 12:10:30.833" level="INFO">Clicking button 'xpath=//*[@id="loginform"]/div/div/div/div/form/button'.</msg>
<status status="PASS" starttime="20230619 12:10:30.833" endtime="20230619 12:10:31.009"/>
</kw>
<kw name="Wait Until Page Contains" library="SeleniumLibrary">
<arg>Success! New customer added.</arg>
<doc>Waits until ``text`` appears on the current page.</doc>
<status status="PASS" starttime="20230619 12:10:31.009" endtime="20230619 12:10:31.015"/>
</kw>
<status status="PASS" starttime="20230619 12:10:30.595" endtime="20230619 12:10:31.015"/>
</kw>
<kw name="Avslutar testfallet" library="Common">
<kw name="Sleep" library="BuiltIn">
<arg>2s</arg>
<doc>Pauses the test executed for the given time.</doc>
<msg timestamp="20230619 12:10:33.017" level="INFO">Slept 2 seconds</msg>
<status status="PASS" starttime="20230619 12:10:31.016" endtime="20230619 12:10:33.017"/>
</kw>
<kw name="Close Browser" library="SeleniumLibrary">
<doc>Closes the current browser.</doc>
<status status="PASS" starttime="20230619 12:10:33.017" endtime="20230619 12:10:35.080"/>
</kw>
<status status="PASS" starttime="20230619 12:10:31.016" endtime="20230619 12:10:35.080"/>
</kw>
<status status="PASS" starttime="20230619 12:10:28.009" endtime="20230619 12:10:35.080"/>
</test>
<doc>Detta är information om hela test-suiten</doc>
<status status="PASS" starttime="20230619 12:10:27.877" endtime="20230619 12:10:35.081"/>
</suite>
<statistics>
<total>
<stat pass="1" fail="0" skip="0">All Tests</stat>
</total>
<tag>
</tag>
<suite>
<stat pass="1" fail="0" skip="0" id="s1" name="Automationplayground">Automationplayground</stat>
</suite>
</statistics>
<errors>
</errors>
</robot>
