<?xml version="1.0" encoding="UTF-8"?>
<robot generator="Robot 6.1 (Python 3.11.3 on win32)" generated="20230615 16:28:38.975" rpa="false" schemaversion="4">
<suite id="s1" name="firstScript" source="C:\Users\Tim\Kod\Repos\forstaProjektet\tests\firstScript.robot">
<test id="s1-t1" name="Add new customer" line="11">
<kw name="Log To Console" library="BuiltIn">
<arg>Påbörjar testfallet..</arg>
<doc>Logs the given message to the console.</doc>
<status status="PASS" starttime="20230615 16:28:39.114" endtime="20230615 16:28:39.114"/>
</kw>
<kw name="Open Browser" library="SeleniumLibrary">
<arg>https://automationplayground.com/crm/</arg>
<arg>chrome</arg>
<doc>Opens a new browser instance to the optional ``url``.</doc>
<msg timestamp="20230615 16:28:39.114" level="INFO">Opening browser 'chrome' to base url 'https://automationplayground.com/crm/'.</msg>
<status status="PASS" starttime="20230615 16:28:39.114" endtime="20230615 16:28:40.694"/>
</kw>
<kw name="Maximize Browser Window" library="SeleniumLibrary">
<doc>Maximizes current browser window.</doc>
<status status="PASS" starttime="20230615 16:28:40.694" endtime="20230615 16:28:40.799"/>
</kw>
<kw name="Wait Until Page Contains" library="SeleniumLibrary">
<arg>Customers Are Priority One!</arg>
<doc>Waits until ``text`` appears on the current page.</doc>
<status status="PASS" starttime="20230615 16:28:40.799" endtime="20230615 16:28:40.806"/>
</kw>
<kw name="Log To Console" library="BuiltIn">
<arg>Öppnade hemsidan</arg>
<doc>Logs the given message to the console.</doc>
<status status="PASS" starttime="20230615 16:28:40.806" endtime="20230615 16:28:40.807"/>
</kw>
<kw name="Click Link" library="SeleniumLibrary">
<arg>id=SignIn</arg>
<doc>Clicks a link identified by ``locator``.</doc>
<msg timestamp="20230615 16:28:40.807" level="INFO">Clicking link 'id=SignIn'.</msg>
<status status="PASS" starttime="20230615 16:28:40.807" endtime="20230615 16:28:41.100"/>
</kw>
<kw name="Wait Until Page Contains" library="SeleniumLibrary">
<arg>Login</arg>
<doc>Waits until ``text`` appears on the current page.</doc>
<status status="PASS" starttime="20230615 16:28:41.100" endtime="20230615 16:28:41.109"/>
</kw>
<kw name="Input Text" library="SeleniumLibrary">
<arg>id=email-id</arg>
<arg>admin@automationplayground.com</arg>
<doc>Types the given ``text`` into the text field identified by ``locator``.</doc>
<msg timestamp="20230615 16:28:41.109" level="INFO">Typing text 'admin@automationplayground.com' into text field 'id=email-id'.</msg>
<status status="PASS" starttime="20230615 16:28:41.109" endtime="20230615 16:28:41.163"/>
</kw>
<kw name="Input Text" library="SeleniumLibrary">
<arg>id=password</arg>
<arg>qwe</arg>
<doc>Types the given ``text`` into the text field identified by ``locator``.</doc>
<msg timestamp="20230615 16:28:41.163" level="INFO">Typing text 'qwe' into text field 'id=password'.</msg>
<status status="PASS" starttime="20230615 16:28:41.163" endtime="20230615 16:28:41.201"/>
</kw>
<kw name="Click Button" library="SeleniumLibrary">
<arg>id=submit-id</arg>
<doc>Clicks the button identified by ``locator``.</doc>
<msg timestamp="20230615 16:28:41.202" level="INFO">Clicking button 'id=submit-id'.</msg>
<status status="PASS" starttime="20230615 16:28:41.202" endtime="20230615 16:28:41.481"/>
</kw>
<kw name="Wait Until Page Contains" library="SeleniumLibrary">
<arg>Our Happy Customers</arg>
<doc>Waits until ``text`` appears on the current page.</doc>
<status status="PASS" starttime="20230615 16:28:41.481" endtime="20230615 16:28:41.488"/>
</kw>
<kw name="Click Link" library="SeleniumLibrary">
<arg>id=new-customer</arg>
<doc>Clicks a link identified by ``locator``.</doc>
<msg timestamp="20230615 16:28:41.489" level="INFO">Clicking link 'id=new-customer'.</msg>
<status status="PASS" starttime="20230615 16:28:41.489" endtime="20230615 16:28:41.787"/>
</kw>
<kw name="Wait Until Page Contains" library="SeleniumLibrary">
<arg>Add Customer</arg>
<doc>Waits until ``text`` appears on the current page.</doc>
<status status="PASS" starttime="20230615 16:28:41.787" endtime="20230615 16:28:41.794"/>
</kw>
<kw name="Input Text" library="SeleniumLibrary">
<arg>id=EmailAddress</arg>
<arg>janedoi@gmail.com</arg>
<doc>Types the given ``text`` into the text field identified by ``locator``.</doc>
<msg timestamp="20230615 16:28:41.794" level="INFO">Typing text 'janedoi@gmail.com' into text field 'id=EmailAddress'.</msg>
<status status="PASS" starttime="20230615 16:28:41.794" endtime="20230615 16:28:41.834"/>
</kw>
<kw name="Input Text" library="SeleniumLibrary">
<arg>id=FirstName</arg>
<arg>Jan</arg>
<doc>Types the given ``text`` into the text field identified by ``locator``.</doc>
<msg timestamp="20230615 16:28:41.834" level="INFO">Typing text 'Jan' into text field 'id=FirstName'.</msg>
<status status="PASS" starttime="20230615 16:28:41.834" endtime="20230615 16:28:41.872"/>
</kw>
<kw name="Input Text" library="SeleniumLibrary">
<arg>id=LastName</arg>
<arg>Felofsson</arg>
<doc>Types the given ``text`` into the text field identified by ``locator``.</doc>
<msg timestamp="20230615 16:28:41.873" level="INFO">Typing text 'Felofsson' into text field 'id=LastName'.</msg>
<status status="PASS" starttime="20230615 16:28:41.872" endtime="20230615 16:28:41.911"/>
</kw>
<kw name="Input Text" library="SeleniumLibrary">
<arg>id=City</arg>
<arg>Malmo</arg>
<doc>Types the given ``text`` into the text field identified by ``locator``.</doc>
<msg timestamp="20230615 16:28:41.912" level="INFO">Typing text 'Malmo' into text field 'id=City'.</msg>
<status status="PASS" starttime="20230615 16:28:41.912" endtime="20230615 16:28:41.951"/>
</kw>
<kw name="Select From List By Value" library="SeleniumLibrary">
<arg>id=StateOrRegion</arg>
<arg>WY</arg>
<doc>Selects options from selection list ``locator`` by ``values``.</doc>
<msg timestamp="20230615 16:28:41.952" level="INFO">Selecting options from selection list 'id=StateOrRegion' by value WY.</msg>
<status status="PASS" starttime="20230615 16:28:41.952" endtime="20230615 16:28:41.990"/>
</kw>
<kw name="Select Radio Button" library="SeleniumLibrary">
<arg>gender</arg>
<arg>male</arg>
<doc>Sets the radio button group ``group_name`` to ``value``.</doc>
<msg timestamp="20230615 16:28:41.990" level="INFO">Selecting 'male' from radio button 'gender'.</msg>
<status status="PASS" starttime="20230615 16:28:41.990" endtime="20230615 16:28:42.016"/>
</kw>
<kw name="Select Checkbox" library="SeleniumLibrary">
<arg>name=promos-name</arg>
<doc>Selects the checkbox identified by ``locator``.</doc>
<msg timestamp="20230615 16:28:42.017" level="INFO">Selecting checkbox 'name=promos-name'.</msg>
<status status="PASS" starttime="20230615 16:28:42.017" endtime="20230615 16:28:42.051"/>
</kw>
<kw name="Click Button" library="SeleniumLibrary">
<arg>xpath=//*[@id="loginform"]/div/div/div/div/form/button</arg>
<doc>Clicks the button identified by ``locator``.</doc>
<msg timestamp="20230615 16:28:42.051" level="INFO">Clicking button 'xpath=//*[@id="loginform"]/div/div/div/div/form/button'.</msg>
<status status="PASS" starttime="20230615 16:28:42.051" endtime="20230615 16:28:42.230"/>
</kw>
<kw name="Wait Until Page Contains" library="SeleniumLibrary">
<arg>Success! New customer added.</arg>
<doc>Waits until ``text`` appears on the current page.</doc>
<status status="PASS" starttime="20230615 16:28:42.230" endtime="20230615 16:28:42.236"/>
</kw>
<kw name="Sleep" library="BuiltIn">
<arg>2s</arg>
<doc>Pauses the test executed for the given time.</doc>
<msg timestamp="20230615 16:28:44.237" level="INFO">Slept 2 seconds</msg>
<status status="PASS" starttime="20230615 16:28:42.237" endtime="20230615 16:28:44.237"/>
</kw>
<kw name="Close Browser" library="SeleniumLibrary">
<doc>Closes the current browser.</doc>
<status status="PASS" starttime="20230615 16:28:44.237" endtime="20230615 16:28:46.298"/>
</kw>
<tag>AddNewCustomer</tag>
<status status="PASS" starttime="20230615 16:28:39.113" endtime="20230615 16:28:46.298"/>
</test>
<doc>Detta är information om hela test-suiten</doc>
<status status="PASS" starttime="20230615 16:28:38.976" endtime="20230615 16:28:46.299"/>
</suite>
<statistics>
<total>
<stat pass="1" fail="0" skip="0">All Tests</stat>
</total>
<tag>
<stat pass="1" fail="0" skip="0">AddNewCustomer</stat>
</tag>
<suite>
<stat pass="1" fail="0" skip="0" id="s1" name="firstScript">firstScript</stat>
</suite>
</statistics>
<errors>
</errors>
</robot>
