<?xml version="1.0" encoding="UTF-8"?>
<robot generator="Robot 6.1 (Python 3.11.3 on win32)" generated="20230616 15:04:38.460" rpa="false" schemaversion="4">
<suite id="s1" name="firstPractice" source="C:\Users\Tim\Kod\Repos\RobotFrameworkPractice\tests\firstPractice.robot">
<test id="s1-t1" name="Add new customer" line="11">
<kw name="Log To Console" library="BuiltIn">
<arg>Påbörjar testfallet..</arg>
<doc>Logs the given message to the console.</doc>
<status status="PASS" starttime="20230616 15:04:38.627" endtime="20230616 15:04:38.627"/>
</kw>
<kw name="Open Browser" library="SeleniumLibrary">
<arg>https://automationplayground.com/crm/</arg>
<arg>chrome</arg>
<doc>Opens a new browser instance to the optional ``url``.</doc>
<msg timestamp="20230616 15:04:38.628" level="INFO">Opening browser 'chrome' to base url 'https://automationplayground.com/crm/'.</msg>
<status status="PASS" starttime="20230616 15:04:38.627" endtime="20230616 15:04:40.865"/>
</kw>
<kw name="Maximize Browser Window" library="SeleniumLibrary">
<doc>Maximizes current browser window.</doc>
<status status="PASS" starttime="20230616 15:04:40.865" endtime="20230616 15:04:40.979"/>
</kw>
<kw name="Wait Until Page Contains" library="SeleniumLibrary">
<arg>Customers Are Priority One!</arg>
<doc>Waits until ``text`` appears on the current page.</doc>
<status status="PASS" starttime="20230616 15:04:40.980" endtime="20230616 15:04:40.987"/>
</kw>
<kw name="Log To Console" library="BuiltIn">
<arg>Öppnade hemsidan</arg>
<doc>Logs the given message to the console.</doc>
<status status="PASS" starttime="20230616 15:04:40.987" endtime="20230616 15:04:40.987"/>
</kw>
<kw name="Click Link" library="SeleniumLibrary">
<arg>id=SignIn</arg>
<doc>Clicks a link identified by ``locator``.</doc>
<msg timestamp="20230616 15:04:40.988" level="INFO">Clicking link 'id=SignIn'.</msg>
<status status="PASS" starttime="20230616 15:04:40.988" endtime="20230616 15:04:41.278"/>
</kw>
<kw name="Wait Until Page Contains" library="SeleniumLibrary">
<arg>Login</arg>
<doc>Waits until ``text`` appears on the current page.</doc>
<status status="PASS" starttime="20230616 15:04:41.279" endtime="20230616 15:04:41.286"/>
</kw>
<kw name="Input Text" library="SeleniumLibrary">
<arg>id=email-id</arg>
<arg>admin@automationplayground.com</arg>
<doc>Types the given ``text`` into the text field identified by ``locator``.</doc>
<msg timestamp="20230616 15:04:41.286" level="INFO">Typing text 'admin@automationplayground.com' into text field 'id=email-id'.</msg>
<status status="PASS" starttime="20230616 15:04:41.286" endtime="20230616 15:04:41.337"/>
</kw>
<kw name="Input Text" library="SeleniumLibrary">
<arg>id=password</arg>
<arg>qwe</arg>
<doc>Types the given ``text`` into the text field identified by ``locator``.</doc>
<msg timestamp="20230616 15:04:41.337" level="INFO">Typing text 'qwe' into text field 'id=password'.</msg>
<status status="PASS" starttime="20230616 15:04:41.337" endtime="20230616 15:04:41.373"/>
</kw>
<kw name="Click Button" library="SeleniumLibrary">
<arg>id=submit-id</arg>
<doc>Clicks the button identified by ``locator``.</doc>
<msg timestamp="20230616 15:04:41.374" level="INFO">Clicking button 'id=submit-id'.</msg>
<status status="PASS" starttime="20230616 15:04:41.373" endtime="20230616 15:04:41.647"/>
</kw>
<kw name="Wait Until Page Contains" library="SeleniumLibrary">
<arg>Our Happy Customers</arg>
<doc>Waits until ``text`` appears on the current page.</doc>
<status status="PASS" starttime="20230616 15:04:41.648" endtime="20230616 15:04:41.654"/>
</kw>
<kw name="Click Link" library="SeleniumLibrary">
<arg>id=new-customer</arg>
<doc>Clicks a link identified by ``locator``.</doc>
<msg timestamp="20230616 15:04:41.655" level="INFO">Clicking link 'id=new-customer'.</msg>
<status status="PASS" starttime="20230616 15:04:41.654" endtime="20230616 15:04:41.955"/>
</kw>
<kw name="Wait Until Page Contains" library="SeleniumLibrary">
<arg>Add Customer</arg>
<doc>Waits until ``text`` appears on the current page.</doc>
<status status="PASS" starttime="20230616 15:04:41.955" endtime="20230616 15:04:41.961"/>
</kw>
<kw name="Input Text" library="SeleniumLibrary">
<arg>id=EmailAddress</arg>
<arg>janedoi@gmail.com</arg>
<doc>Types the given ``text`` into the text field identified by ``locator``.</doc>
<msg timestamp="20230616 15:04:41.962" level="INFO">Typing text 'janedoi@gmail.com' into text field 'id=EmailAddress'.</msg>
<status status="PASS" starttime="20230616 15:04:41.961" endtime="20230616 15:04:41.998"/>
</kw>
<kw name="Input Text" library="SeleniumLibrary">
<arg>id=FirstName</arg>
<arg>Jan</arg>
<doc>Types the given ``text`` into the text field identified by ``locator``.</doc>
<msg timestamp="20230616 15:04:41.998" level="INFO">Typing text 'Jan' into text field 'id=FirstName'.</msg>
<status status="PASS" starttime="20230616 15:04:41.998" endtime="20230616 15:04:42.033"/>
</kw>
<kw name="Input Text" library="SeleniumLibrary">
<arg>id=LastName</arg>
<arg>Felofsson</arg>
<doc>Types the given ``text`` into the text field identified by ``locator``.</doc>
<msg timestamp="20230616 15:04:42.034" level="INFO">Typing text 'Felofsson' into text field 'id=LastName'.</msg>
<status status="PASS" starttime="20230616 15:04:42.034" endtime="20230616 15:04:42.070"/>
</kw>
<kw name="Input Text" library="SeleniumLibrary">
<arg>id=City</arg>
<arg>Malmo</arg>
<doc>Types the given ``text`` into the text field identified by ``locator``.</doc>
<msg timestamp="20230616 15:04:42.071" level="INFO">Typing text 'Malmo' into text field 'id=City'.</msg>
<status status="PASS" starttime="20230616 15:04:42.071" endtime="20230616 15:04:42.107"/>
</kw>
<kw name="Select From List By Value" library="SeleniumLibrary">
<arg>id=StateOrRegion</arg>
<arg>WY</arg>
<doc>Selects options from selection list ``locator`` by ``values``.</doc>
<msg timestamp="20230616 15:04:42.108" level="INFO">Selecting options from selection list 'id=StateOrRegion' by value WY.</msg>
<status status="PASS" starttime="20230616 15:04:42.107" endtime="20230616 15:04:42.143"/>
</kw>
<kw name="Select Radio Button" library="SeleniumLibrary">
<arg>gender</arg>
<arg>male</arg>
<doc>Sets the radio button group ``group_name`` to ``value``.</doc>
<msg timestamp="20230616 15:04:42.144" level="INFO">Selecting 'male' from radio button 'gender'.</msg>
<status status="PASS" starttime="20230616 15:04:42.144" endtime="20230616 15:04:42.169"/>
</kw>
<kw name="Select Checkbox" library="SeleniumLibrary">
<arg>name=promos-name</arg>
<doc>Selects the checkbox identified by ``locator``.</doc>
<msg timestamp="20230616 15:04:42.169" level="INFO">Selecting checkbox 'name=promos-name'.</msg>
<status status="PASS" starttime="20230616 15:04:42.169" endtime="20230616 15:04:42.234"/>
</kw>
<kw name="Click Button" library="SeleniumLibrary">
<arg>xpath=//*[@id="loginform"]/div/div/div/div/form/button</arg>
<doc>Clicks the button identified by ``locator``.</doc>
<msg timestamp="20230616 15:04:42.235" level="INFO">Clicking button 'xpath=//*[@id="loginform"]/div/div/div/div/form/button'.</msg>
<status status="PASS" starttime="20230616 15:04:42.234" endtime="20230616 15:04:42.411"/>
</kw>
<kw name="Wait Until Page Contains" library="SeleniumLibrary">
<arg>Success! New customer added.</arg>
<doc>Waits until ``text`` appears on the current page.</doc>
<status status="PASS" starttime="20230616 15:04:42.411" endtime="20230616 15:04:42.417"/>
</kw>
<kw name="Sleep" library="BuiltIn">
<arg>2s</arg>
<doc>Pauses the test executed for the given time.</doc>
<msg timestamp="20230616 15:04:44.418" level="INFO">Slept 2 seconds</msg>
<status status="PASS" starttime="20230616 15:04:42.417" endtime="20230616 15:04:44.418"/>
</kw>
<kw name="Close Browser" library="SeleniumLibrary">
<doc>Closes the current browser.</doc>
<status status="PASS" starttime="20230616 15:04:44.418" endtime="20230616 15:04:46.484"/>
</kw>
<tag>AddNewCustomer</tag>
<status status="PASS" starttime="20230616 15:04:38.626" endtime="20230616 15:04:46.484"/>
</test>
<doc>Detta är information om hela test-suiten</doc>
<status status="PASS" starttime="20230616 15:04:38.460" endtime="20230616 15:04:46.485"/>
</suite>
<statistics>
<total>
<stat pass="1" fail="0" skip="0">All Tests</stat>
</total>
<tag>
<stat pass="1" fail="0" skip="0">AddNewCustomer</stat>
</tag>
<suite>
<stat pass="1" fail="0" skip="0" id="s1" name="firstPractice">firstPractice</stat>
</suite>
</statistics>
<errors>
</errors>
</robot>
